  Player.cpp
E:\Amna-FAST\Semester 2\Object Oriented Programming\Lab\Space Invaders\Global.h(101,13): warning C4244: '=': conversion from 'float' to 'short', possible loss of data
  (compiling source file 'Player.cpp')
  
E:\Amna-FAST\Semester 2\Object Oriented Programming\Lab\Space Invaders\Global.h(102,13): warning C4244: '=': conversion from 'float' to 'short', possible loss of data
  (compiling source file 'Player.cpp')
  
E:\Amna-FAST\Semester 2\Object Oriented Programming\Lab\Space Invaders\Global.h(114,95): warning C4244: 'argument': conversion from 'float' to 'T', possible loss of data
E:\Amna-FAST\Semester 2\Object Oriented Programming\Lab\Space Invaders\Global.h(114,95): warning C4244:         with
E:\Amna-FAST\Semester 2\Object Oriented Programming\Lab\Space Invaders\Global.h(114,95): warning C4244:         [
E:\Amna-FAST\Semester 2\Object Oriented Programming\Lab\Space Invaders\Global.h(114,95): warning C4244:             T=int
E:\Amna-FAST\Semester 2\Object Oriented Programming\Lab\Space Invaders\Global.h(114,95): warning C4244:         ]
  (compiling source file 'Player.cpp')
  
E:\Amna-FAST\Semester 2\Object Oriented Programming\Lab\Space Invaders\Global.h(114,76): warning C4244: 'argument': conversion from 'float' to 'T', possible loss of data
E:\Amna-FAST\Semester 2\Object Oriented Programming\Lab\Space Invaders\Global.h(114,76): warning C4244:         with
E:\Amna-FAST\Semester 2\Object Oriented Programming\Lab\Space Invaders\Global.h(114,76): warning C4244:         [
E:\Amna-FAST\Semester 2\Object Oriented Programming\Lab\Space Invaders\Global.h(114,76): warning C4244:             T=int
E:\Amna-FAST\Semester 2\Object Oriented Programming\Lab\Space Invaders\Global.h(114,76): warning C4244:         ]
  (compiling source file 'Player.cpp')
  
E:\Amna-FAST\Semester 2\Object Oriented Programming\Lab\Space Invaders\Global.h(114,48): warning C4244: 'argument': conversion from 'float' to 'T', possible loss of data
E:\Amna-FAST\Semester 2\Object Oriented Programming\Lab\Space Invaders\Global.h(114,48): warning C4244:         with
E:\Amna-FAST\Semester 2\Object Oriented Programming\Lab\Space Invaders\Global.h(114,48): warning C4244:         [
E:\Amna-FAST\Semester 2\Object Oriented Programming\Lab\Space Invaders\Global.h(114,48): warning C4244:             T=int
E:\Amna-FAST\Semester 2\Object Oriented Programming\Lab\Space Invaders\Global.h(114,48): warning C4244:         ]
  (compiling source file 'Player.cpp')
  
E:\Amna-FAST\Semester 2\Object Oriented Programming\Lab\Space Invaders\Global.h(114,24): warning C4244: 'argument': conversion from 'float' to 'T', possible loss of data
E:\Amna-FAST\Semester 2\Object Oriented Programming\Lab\Space Invaders\Global.h(114,24): warning C4244:         with
E:\Amna-FAST\Semester 2\Object Oriented Programming\Lab\Space Invaders\Global.h(114,24): warning C4244:         [
E:\Amna-FAST\Semester 2\Object Oriented Programming\Lab\Space Invaders\Global.h(114,24): warning C4244:             T=int
E:\Amna-FAST\Semester 2\Object Oriented Programming\Lab\Space Invaders\Global.h(114,24): warning C4244:         ]
  (compiling source file 'Player.cpp')
  
E:\Amna-FAST\Semester 2\Object Oriented Programming\Lab\Space Invaders\Global.h(143,91): warning C4244: 'argument': conversion from 'float' to 'T', possible loss of data
E:\Amna-FAST\Semester 2\Object Oriented Programming\Lab\Space Invaders\Global.h(143,91): warning C4244:         with
E:\Amna-FAST\Semester 2\Object Oriented Programming\Lab\Space Invaders\Global.h(143,91): warning C4244:         [
E:\Amna-FAST\Semester 2\Object Oriented Programming\Lab\Space Invaders\Global.h(143,91): warning C4244:             T=int
E:\Amna-FAST\Semester 2\Object Oriented Programming\Lab\Space Invaders\Global.h(143,91): warning C4244:         ]
  (compiling source file 'Player.cpp')
  
E:\Amna-FAST\Semester 2\Object Oriented Programming\Lab\Space Invaders\Global.h(143,73): warning C4244: 'argument': conversion from 'float' to 'T', possible loss of data
E:\Amna-FAST\Semester 2\Object Oriented Programming\Lab\Space Invaders\Global.h(143,73): warning C4244:         with
E:\Amna-FAST\Semester 2\Object Oriented Programming\Lab\Space Invaders\Global.h(143,73): warning C4244:         [
E:\Amna-FAST\Semester 2\Object Oriented Programming\Lab\Space Invaders\Global.h(143,73): warning C4244:             T=int
E:\Amna-FAST\Semester 2\Object Oriented Programming\Lab\Space Invaders\Global.h(143,73): warning C4244:         ]
  (compiling source file 'Player.cpp')
  
E:\Amna-FAST\Semester 2\Object Oriented Programming\Lab\Space Invaders\Global.h(143,47): warning C4244: 'argument': conversion from 'float' to 'T', possible loss of data
E:\Amna-FAST\Semester 2\Object Oriented Programming\Lab\Space Invaders\Global.h(143,47): warning C4244:         with
E:\Amna-FAST\Semester 2\Object Oriented Programming\Lab\Space Invaders\Global.h(143,47): warning C4244:         [
E:\Amna-FAST\Semester 2\Object Oriented Programming\Lab\Space Invaders\Global.h(143,47): warning C4244:             T=int
E:\Amna-FAST\Semester 2\Object Oriented Programming\Lab\Space Invaders\Global.h(143,47): warning C4244:         ]
  (compiling source file 'Player.cpp')
  
E:\Amna-FAST\Semester 2\Object Oriented Programming\Lab\Space Invaders\Global.h(143,24): warning C4244: 'argument': conversion from 'float' to 'T', possible loss of data
E:\Amna-FAST\Semester 2\Object Oriented Programming\Lab\Space Invaders\Global.h(143,24): warning C4244:         with
E:\Amna-FAST\Semester 2\Object Oriented Programming\Lab\Space Invaders\Global.h(143,24): warning C4244:         [
E:\Amna-FAST\Semester 2\Object Oriented Programming\Lab\Space Invaders\Global.h(143,24): warning C4244:             T=int
E:\Amna-FAST\Semester 2\Object Oriented Programming\Lab\Space Invaders\Global.h(143,24): warning C4244:         ]
  (compiling source file 'Player.cpp')
  
E:\Amna-FAST\Semester 2\Object Oriented Programming\Lab\Space Invaders\Player.cpp(93,11): warning C4244: '=': conversion from 'float' to 'unsigned short', possible loss of data
E:\Amna-FAST\Semester 2\Object Oriented Programming\Lab\Space Invaders\Player.cpp(152,58): warning C4244: 'argument': conversion from 'float' to 'short', possible loss of data
E:\Amna-FAST\Semester 2\Object Oriented Programming\Lab\Space Invaders\Player.cpp(153,58): warning C4244: 'argument': conversion from 'float' to 'short', possible loss of data
E:\Amna-FAST\Semester 2\Object Oriented Programming\Lab\Space Invaders\Player.cpp(247,94): warning C4244: 'argument': conversion from 'float' to 'T', possible loss of data
E:\Amna-FAST\Semester 2\Object Oriented Programming\Lab\Space Invaders\Player.cpp(247,94): warning C4244:         with
E:\Amna-FAST\Semester 2\Object Oriented Programming\Lab\Space Invaders\Player.cpp(247,94): warning C4244:         [
E:\Amna-FAST\Semester 2\Object Oriented Programming\Lab\Space Invaders\Player.cpp(247,94): warning C4244:             T=int
E:\Amna-FAST\Semester 2\Object Oriented Programming\Lab\Space Invaders\Player.cpp(247,94): warning C4244:         ]
E:\Amna-FAST\Semester 2\Object Oriented Programming\Lab\Space Invaders\Player.cpp(247,75): warning C4244: 'argument': conversion from 'float' to 'T', possible loss of data
E:\Amna-FAST\Semester 2\Object Oriented Programming\Lab\Space Invaders\Player.cpp(247,75): warning C4244:         with
E:\Amna-FAST\Semester 2\Object Oriented Programming\Lab\Space Invaders\Player.cpp(247,75): warning C4244:         [
E:\Amna-FAST\Semester 2\Object Oriented Programming\Lab\Space Invaders\Player.cpp(247,75): warning C4244:             T=int
E:\Amna-FAST\Semester 2\Object Oriented Programming\Lab\Space Invaders\Player.cpp(247,75): warning C4244:         ]
E:\Amna-FAST\Semester 2\Object Oriented Programming\Lab\Space Invaders\Player.cpp(247,47): warning C4244: 'argument': conversion from 'float' to 'T', possible loss of data
E:\Amna-FAST\Semester 2\Object Oriented Programming\Lab\Space Invaders\Player.cpp(247,47): warning C4244:         with
E:\Amna-FAST\Semester 2\Object Oriented Programming\Lab\Space Invaders\Player.cpp(247,47): warning C4244:         [
E:\Amna-FAST\Semester 2\Object Oriented Programming\Lab\Space Invaders\Player.cpp(247,47): warning C4244:             T=int
E:\Amna-FAST\Semester 2\Object Oriented Programming\Lab\Space Invaders\Player.cpp(247,47): warning C4244:         ]
E:\Amna-FAST\Semester 2\Object Oriented Programming\Lab\Space Invaders\Player.cpp(247,23): warning C4244: 'argument': conversion from 'float' to 'T', possible loss of data
E:\Amna-FAST\Semester 2\Object Oriented Programming\Lab\Space Invaders\Player.cpp(247,23): warning C4244:         with
E:\Amna-FAST\Semester 2\Object Oriented Programming\Lab\Space Invaders\Player.cpp(247,23): warning C4244:         [
E:\Amna-FAST\Semester 2\Object Oriented Programming\Lab\Space Invaders\Player.cpp(247,23): warning C4244:             T=int
E:\Amna-FAST\Semester 2\Object Oriented Programming\Lab\Space Invaders\Player.cpp(247,23): warning C4244:         ]
  Space Invaders.vcxproj -> E:\Amna-FAST\Semester 2\Object Oriented Programming\Lab\Space Invaders\x64\Debug\Space Invaders.exe
